2025-05-08 21:41:17,330 - root - INFO - 配置: {'EXPERIMENT_DIR': 'output\\20250508_214108', 'OUTPUT_DIR': './output', 'DATA_DIR': './dataset', 'BATCH_SIZE': 8, 'NUM_EPOCHS': 3, 'LEARNING_RATE': 0.0001, 'DEVICE': 'cuda'}
2025-05-08 21:41:18,595 - root - INFO - 使用设备: cuda
2025-05-08 21:41:18,595 - root - INFO - 加载RNA-FM模型...
2025-05-08 21:41:21,384 - root - INFO - RNA-FM模型加载完成
2025-05-08 21:41:21,385 - root - INFO - 创建数据集，从目录: ./dataset
2025-05-08 21:41:21,385 - data.dataset - INFO - 找到1个pkl文件
2025-05-08 21:41:21,386 - data.dataset - INFO - 从缓存加载数据: ./output\cache\processed_data.pt
2025-05-08 21:41:21,387 - data.dataset - WARNING - 缓存的数据集为空!
2025-05-08 21:41:21,388 - data.dataset - INFO - 找到 1 个数据文件
2025-05-08 21:41:21,751 - data.dataset - INFO - 检测到训练字典格式: Training_Dict_single.pkl
2025-05-08 21:41:21,807 - data.adapters - INFO - 跳过多链RNA: 1hmh
2025-05-08 21:41:21,813 - data.adapters - INFO - 跳过多链RNA: 1mme
2025-05-08 21:41:21,839 - data.adapters - INFO - 跳过多链RNA: 1biv
2025-05-08 21:41:21,865 - data.adapters - INFO - 跳过多链RNA: 1etf
2025-05-08 21:41:21,899 - data.adapters - INFO - 跳过多链RNA: 1zdi
2025-05-08 21:41:21,938 - data.adapters - INFO - 跳过多链RNA: 1ull
2025-05-08 21:41:21,938 - data.adapters - INFO - 跳过多链RNA: 1kis
2025-05-08 21:41:21,938 - data.adapters - INFO - 跳过多链RNA: 1kis
2025-05-08 21:41:22,009 - data.adapters - INFO - 跳过多链RNA: 1aud
2025-05-08 21:41:22,019 - data.adapters - INFO - 跳过多链RNA: 1a4t
2025-05-08 21:41:22,082 - data.adapters - INFO - 跳过多链RNA: 1a1t
2025-05-08 21:41:22,082 - data.adapters - INFO - 跳过多链RNA: 1a9n
2025-05-08 21:41:22,113 - data.adapters - INFO - 跳过多链RNA: 7msf
2025-05-08 21:41:22,113 - data.adapters - INFO - 跳过多链RNA: 5msf
2025-05-08 21:41:22,132 - data.adapters - INFO - 跳过多链RNA: 1zdk
2025-05-08 21:41:22,163 - data.adapters - INFO - 跳过多链RNA: 1hvu
2025-05-08 21:41:22,175 - data.adapters - INFO - 跳过多链RNA: 2bj2
2025-05-08 21:41:22,175 - data.adapters - INFO - 跳过多链RNA: 2bj2
2025-05-08 21:41:22,190 - data.adapters - INFO - 跳过多链RNA: 1qfq
2025-05-08 21:41:22,201 - data.adapters - INFO - 跳过多链RNA: 1bau
2025-05-08 21:41:22,245 - data.adapters - INFO - 跳过多链RNA: 484d
2025-05-08 21:41:22,246 - data.adapters - INFO - 跳过多链RNA: 1d6k
2025-05-08 21:41:22,246 - data.adapters - INFO - 跳过多链RNA: 1eiy
2025-05-08 21:41:22,252 - data.adapters - INFO - 跳过多链RNA: 1exy
2025-05-08 21:41:22,272 - data.adapters - INFO - 跳过多链RNA: 1euq
2025-05-08 21:41:22,284 - data.adapters - INFO - 跳过多链RNA: 1ffk
2025-05-08 21:41:22,284 - data.adapters - INFO - 跳过多链RNA: 1ekz
2025-05-08 21:41:22,285 - data.adapters - INFO - 跳过多链RNA: 1f5u
2025-05-08 21:41:22,338 - data.adapters - INFO - 跳过多链RNA: 1foq
2025-05-08 21:41:22,339 - data.adapters - INFO - 跳过多链RNA: 1fje
2025-05-08 21:41:22,366 - data.adapters - INFO - 跳过多链RNA: 1g70
2025-05-08 21:41:22,367 - data.adapters - INFO - 跳过多链RNA: 1e7k
2025-05-08 21:41:22,411 - data.adapters - INFO - 跳过多链RNA: 1ibm
2025-05-08 21:41:22,492 - data.adapters - INFO - 跳过多链RNA: 1k9w
2025-05-08 21:41:22,566 - data.adapters - INFO - 跳过多链RNA: 1l1c
2025-05-08 21:41:22,630 - data.adapters - INFO - 跳过多链RNA: 1ls2
2025-05-08 21:41:22,695 - data.adapters - INFO - 跳过多链RNA: 1n34
2025-05-08 21:41:22,832 - data.adapters - INFO - 跳过多链RNA: 1nyb
2025-05-08 21:41:22,843 - data.adapters - INFO - 跳过多链RNA: 1p6v
2025-05-08 21:41:22,844 - data.adapters - INFO - 跳过多链RNA: 1p6v
2025-05-08 21:41:22,886 - data.adapters - INFO - 跳过多链RNA: 1qzc
2025-05-08 21:41:22,914 - data.adapters - INFO - 跳过多链RNA: 1r2w
2025-05-08 21:41:22,931 - data.adapters - INFO - 跳过多链RNA: 1qzc
2025-05-08 21:41:23,108 - data.adapters - INFO - 跳过多链RNA: 1ry1
2025-05-08 21:41:23,164 - data.adapters - INFO - 跳过多链RNA: 1t4l
2025-05-08 21:41:23,277 - data.adapters - INFO - 跳过多链RNA: 1y1y
2025-05-08 21:41:23,393 - data.adapters - INFO - 跳过多链RNA: 1u63
2025-05-08 21:41:23,393 - data.adapters - INFO - 跳过多链RNA: 1zc8
2025-05-08 21:41:23,393 - data.adapters - INFO - 跳过多链RNA: 1zc8
2025-05-08 21:41:23,394 - data.adapters - INFO - 跳过多链RNA: 1zc8
2025-05-08 21:41:23,394 - data.adapters - INFO - 跳过多链RNA: 1zc8
2025-05-08 21:41:23,394 - data.adapters - INFO - 跳过多链RNA: 1zc8
2025-05-08 21:41:23,394 - data.adapters - INFO - 跳过多链RNA: 1zc8
2025-05-08 21:41:23,403 - data.adapters - INFO - 跳过多链RNA: 1x18
2025-05-08 21:41:23,403 - data.adapters - INFO - 跳过多链RNA: 1x18
2025-05-08 21:41:23,404 - data.adapters - INFO - 跳过多链RNA: 1x18
2025-05-08 21:41:23,424 - data.adapters - INFO - 跳过多链RNA: 1zn1
2025-05-08 21:41:23,448 - data.adapters - INFO - 跳过多链RNA: 1ysh
2025-05-08 21:41:23,448 - data.adapters - INFO - 跳过多链RNA: 1ysh
2025-05-08 21:41:23,448 - data.adapters - INFO - 跳过多链RNA: 1ysh
2025-05-08 21:41:23,463 - data.adapters - INFO - 跳过多链RNA: 2adt
2025-05-08 21:41:23,463 - data.adapters - INFO - 跳过多链RNA: 1wz2
2025-05-08 21:41:23,624 - data.adapters - INFO - 跳过多链RNA: 2d19
2025-05-08 21:41:23,625 - data.adapters - INFO - 跳过多链RNA: 2d1b
2025-05-08 21:41:23,644 - data.adapters - INFO - 跳过多链RNA: 2b6g
2025-05-08 21:41:23,645 - data.adapters - INFO - 跳过多链RNA: 2ese
2025-05-08 21:41:23,645 - data.adapters - INFO - 跳过多链RNA: 2f4x
2025-05-08 21:41:23,662 - data.adapters - INFO - 跳过多链RNA: 2bq5
2025-05-08 21:41:23,663 - data.adapters - INFO - 跳过多链RNA: 2bs0
2025-05-08 21:41:23,663 - data.adapters - INFO - 跳过多链RNA: 2bq5
2025-05-08 21:41:23,663 - data.adapters - INFO - 跳过多链RNA: 2bs0
2025-05-08 21:41:23,675 - data.adapters - INFO - 跳过多链RNA: 2b2e
2025-05-08 21:41:23,675 - data.adapters - INFO - 跳过多链RNA: 2b2e
2025-05-08 21:41:23,676 - data.adapters - INFO - 跳过多链RNA: 2go5
2025-05-08 21:41:23,676 - data.adapters - INFO - 跳过多链RNA: 2go5
2025-05-08 21:41:23,731 - data.adapters - INFO - 跳过多链RNA: 2ake
2025-05-08 21:41:23,731 - data.adapters - INFO - 跳过多链RNA: 2dr2
2025-05-08 21:41:23,732 - data.adapters - INFO - 跳过多链RNA: 2agn
2025-05-08 21:41:23,732 - data.adapters - INFO - 跳过多链RNA: 2agn
2025-05-08 21:41:23,732 - data.adapters - INFO - 跳过多链RNA: 2izn
2025-05-08 21:41:23,732 - data.adapters - INFO - 跳过多链RNA: 2iz8
2025-05-08 21:41:23,732 - data.adapters - INFO - 跳过多链RNA: 2iz8
2025-05-08 21:41:23,733 - data.adapters - INFO - 跳过多链RNA: 2hgh
2025-05-08 21:41:23,751 - data.adapters - INFO - 跳过多链RNA: 2der
2025-05-08 21:41:23,752 - data.adapters - INFO - 跳过多链RNA: 2det
2025-05-08 21:41:23,788 - data.adapters - INFO - 跳过多链RNA: 1zbh
2025-05-08 21:41:23,815 - data.adapters - INFO - 跳过多链RNA: 2iy3
2025-05-08 21:41:23,816 - data.adapters - INFO - 跳过多链RNA: 2j28
2025-05-08 21:41:23,816 - data.adapters - INFO - 跳过多链RNA: 2j37
2025-05-08 21:41:23,816 - data.adapters - INFO - 跳过多链RNA: 2j28
2025-05-08 21:41:23,816 - data.adapters - INFO - 跳过多链RNA: 2noq
2025-05-08 21:41:23,816 - data.adapters - INFO - 跳过多链RNA: 2noq
2025-05-08 21:41:23,817 - data.adapters - INFO - 跳过多链RNA: 2noq
2025-05-08 21:41:23,838 - data.adapters - INFO - 跳过多链RNA: 2ihx
2025-05-08 21:41:23,838 - data.adapters - INFO - 跳过多链RNA: 2ob7
2025-05-08 21:41:23,838 - data.adapters - INFO - 跳过多链RNA: 2fy1
2025-05-08 21:41:23,849 - data.adapters - INFO - 跳过多链RNA: 2il9
2025-05-08 21:41:23,849 - data.adapters - INFO - 跳过多链RNA: 2il9
2025-05-08 21:41:23,861 - data.adapters - INFO - 跳过多链RNA: 2du5
2025-05-08 21:41:23,862 - data.adapters - INFO - 跳过多链RNA: 2du4
2025-05-08 21:41:23,862 - data.adapters - INFO - 跳过多链RNA: 2du6
2025-05-08 21:41:23,905 - data.adapters - INFO - 跳过多链RNA: 2pcw
2025-05-08 21:41:23,906 - data.adapters - INFO - 跳过多链RNA: 2nr0
2025-05-08 21:41:23,906 - data.adapters - INFO - 跳过多链RNA: 2nr0
2025-05-08 21:41:23,906 - data.adapters - INFO - 跳过多链RNA: 2nr0
2025-05-08 21:41:23,906 - data.adapters - INFO - 跳过多链RNA: 2nr0
2025-05-08 21:41:23,911 - data.adapters - INFO - 跳过多链RNA: 2izm
2025-05-08 21:41:23,921 - data.adapters - INFO - 跳过多链RNA: 2jpp
2025-05-08 21:41:23,978 - data.adapters - INFO - 跳过多链RNA: 2om3
2025-05-08 21:41:23,979 - data.adapters - INFO - 跳过多链RNA: 2pn9
2025-05-08 21:41:23,992 - data.adapters - INFO - 跳过多链RNA: 2r93
2025-05-08 21:41:24,010 - data.adapters - INFO - 跳过多链RNA: 2om7
2025-05-08 21:41:24,010 - data.adapters - INFO - 跳过多链RNA: 2om7
2025-05-08 21:41:24,010 - data.adapters - INFO - 跳过多链RNA: 2om7
2025-05-08 21:41:24,010 - data.adapters - INFO - 跳过多链RNA: 2om7
2025-05-08 21:41:24,011 - data.adapters - INFO - 跳过多链RNA: 2om7
2025-05-08 21:41:24,011 - data.adapters - INFO - 跳过多链RNA: 2om7
2025-05-08 21:41:24,011 - data.adapters - INFO - 跳过多链RNA: 2om7
2025-05-08 21:41:24,023 - data.adapters - INFO - 跳过多链RNA: 2r1g
2025-05-08 21:41:24,024 - data.adapters - INFO - 跳过多链RNA: 2r1g
2025-05-08 21:41:24,024 - data.adapters - INFO - 跳过多链RNA: 2r1g
2025-05-08 21:41:24,024 - data.adapters - INFO - 跳过多链RNA: 2r1g
2025-05-08 21:41:24,024 - data.adapters - INFO - 跳过多链RNA: 2r1g
2025-05-08 21:41:24,024 - data.adapters - INFO - 跳过多链RNA: 2r1g
2025-05-08 21:41:24,037 - data.adapters - INFO - 适配转换: 原始数据 285 项 -> 适配后 161 项
2025-05-08 21:41:24,038 - data.dataset - INFO - 适配处理成功: 161 个样本
2025-05-08 21:41:24,038 - data.dataset - INFO - 数据加载完成: 总计 161 个样本
2025-05-08 21:41:24,247 - data.dataset - INFO - 数据已缓存到: ./output\cache\processed_data.pt
2025-05-08 21:41:24,247 - data.dataset - INFO - 成功加载161个RNA样本
2025-05-08 21:41:24,247 - root - INFO - 创建数据加载器...
2025-05-08 21:41:24,247 - data.dataset - INFO - 数据集大小: 161
2025-05-08 21:41:24,248 - data.dataset - INFO - 数据集划分: 训练集=128, 验证集=16, 测试集=17
2025-05-08 21:41:24,252 - root - INFO - 创建扭转角预测模型...
2025-05-08 21:41:24,252 - models.torsion_predictor - INFO - 使用提供的RNA-FM模型
2025-05-08 21:41:24,253 - models.torsion_predictor - INFO - RNA-FM参数已冻结
2025-05-08 21:41:24,325 - root - INFO - 开始训练，共3个epoch
