2025-05-09 19:46:59,934 - root - INFO - 配置: {'EXPERIMENT_DIR': 'output\\20250509_194651', 'OUTPUT_DIR': './output', 'DATA_DIR': './dataset', 'BATCH_SIZE': 8, 'NUM_EPOCHS': 3, 'LEARNING_RATE': 0.0001, 'DEVICE': 'cuda'}
2025-05-09 19:46:59,966 - root - INFO - 使用设备: cuda
2025-05-09 19:46:59,966 - root - INFO - 加载RNA-FM模型...
2025-05-09 19:47:01,482 - root - INFO - RNA-FM模型加载完成
2025-05-09 19:47:01,482 - root - INFO - 创建数据集，从目录: ./dataset
2025-05-09 19:47:01,483 - data.dataset - INFO - 找到1个pkl文件
2025-05-09 19:47:01,484 - data.dataset - INFO - 找到 1 个数据文件
2025-05-09 19:47:01,883 - data.dataset - INFO - 检测到训练字典格式: Training_Dict_single.pkl
2025-05-09 19:47:01,944 - data.adapters - INFO - 跳过多链RNA: 1hmh
2025-05-09 19:47:01,950 - data.adapters - INFO - 跳过多链RNA: 1mme
2025-05-09 19:47:01,977 - data.adapters - INFO - 跳过多链RNA: 1biv
2025-05-09 19:47:02,010 - data.adapters - INFO - 跳过多链RNA: 1etf
2025-05-09 19:47:02,045 - data.adapters - INFO - 跳过多链RNA: 1zdi
2025-05-09 19:47:02,086 - data.adapters - INFO - 跳过多链RNA: 1ull
2025-05-09 19:47:02,086 - data.adapters - INFO - 跳过多链RNA: 1kis
2025-05-09 19:47:02,086 - data.adapters - INFO - 跳过多链RNA: 1kis
2025-05-09 19:47:02,165 - data.adapters - INFO - 跳过多链RNA: 1aud
2025-05-09 19:47:02,176 - data.adapters - INFO - 跳过多链RNA: 1a4t
2025-05-09 19:47:02,240 - data.adapters - INFO - 跳过多链RNA: 1a1t
2025-05-09 19:47:02,240 - data.adapters - INFO - 跳过多链RNA: 1a9n
2025-05-09 19:47:02,274 - data.adapters - INFO - 跳过多链RNA: 7msf
2025-05-09 19:47:02,274 - data.adapters - INFO - 跳过多链RNA: 5msf
2025-05-09 19:47:02,290 - data.adapters - INFO - 跳过多链RNA: 1zdk
2025-05-09 19:47:02,324 - data.adapters - INFO - 跳过多链RNA: 1hvu
2025-05-09 19:47:02,337 - data.adapters - INFO - 跳过多链RNA: 2bj2
2025-05-09 19:47:02,338 - data.adapters - INFO - 跳过多链RNA: 2bj2
2025-05-09 19:47:02,352 - data.adapters - INFO - 跳过多链RNA: 1qfq
2025-05-09 19:47:02,364 - data.adapters - INFO - 跳过多链RNA: 1bau
2025-05-09 19:47:02,408 - data.adapters - INFO - 跳过多链RNA: 484d
2025-05-09 19:47:02,409 - data.adapters - INFO - 跳过多链RNA: 1d6k
2025-05-09 19:47:02,409 - data.adapters - INFO - 跳过多链RNA: 1eiy
2025-05-09 19:47:02,417 - data.adapters - INFO - 跳过多链RNA: 1exy
2025-05-09 19:47:02,437 - data.adapters - INFO - 跳过多链RNA: 1euq
2025-05-09 19:47:02,448 - data.adapters - INFO - 跳过多链RNA: 1ffk
2025-05-09 19:47:02,448 - data.adapters - INFO - 跳过多链RNA: 1ekz
2025-05-09 19:47:02,448 - data.adapters - INFO - 跳过多链RNA: 1f5u
2025-05-09 19:47:02,499 - data.adapters - INFO - 跳过多链RNA: 1foq
2025-05-09 19:47:02,500 - data.adapters - INFO - 跳过多链RNA: 1fje
2025-05-09 19:47:02,525 - data.adapters - INFO - 跳过多链RNA: 1g70
2025-05-09 19:47:02,525 - data.adapters - INFO - 跳过多链RNA: 1e7k
2025-05-09 19:47:02,573 - data.adapters - INFO - 跳过多链RNA: 1ibm
2025-05-09 19:47:02,654 - data.adapters - INFO - 跳过多链RNA: 1k9w
2025-05-09 19:47:02,732 - data.adapters - INFO - 跳过多链RNA: 1l1c
2025-05-09 19:47:02,798 - data.adapters - INFO - 跳过多链RNA: 1ls2
2025-05-09 19:47:02,863 - data.adapters - INFO - 跳过多链RNA: 1n34
2025-05-09 19:47:02,997 - data.adapters - INFO - 跳过多链RNA: 1nyb
2025-05-09 19:47:03,010 - data.adapters - INFO - 跳过多链RNA: 1p6v
2025-05-09 19:47:03,010 - data.adapters - INFO - 跳过多链RNA: 1p6v
2025-05-09 19:47:03,054 - data.adapters - INFO - 跳过多链RNA: 1qzc
2025-05-09 19:47:03,083 - data.adapters - INFO - 跳过多链RNA: 1r2w
2025-05-09 19:47:03,102 - data.adapters - INFO - 跳过多链RNA: 1qzc
2025-05-09 19:47:03,285 - data.adapters - INFO - 跳过多链RNA: 1ry1
2025-05-09 19:47:03,337 - data.adapters - INFO - 跳过多链RNA: 1t4l
2025-05-09 19:47:03,453 - data.adapters - INFO - 跳过多链RNA: 1y1y
2025-05-09 19:47:03,560 - data.adapters - INFO - 跳过多链RNA: 1u63
2025-05-09 19:47:03,561 - data.adapters - INFO - 跳过多链RNA: 1zc8
2025-05-09 19:47:03,561 - data.adapters - INFO - 跳过多链RNA: 1zc8
2025-05-09 19:47:03,561 - data.adapters - INFO - 跳过多链RNA: 1zc8
2025-05-09 19:47:03,561 - data.adapters - INFO - 跳过多链RNA: 1zc8
2025-05-09 19:47:03,562 - data.adapters - INFO - 跳过多链RNA: 1zc8
2025-05-09 19:47:03,562 - data.adapters - INFO - 跳过多链RNA: 1zc8
2025-05-09 19:47:03,573 - data.adapters - INFO - 跳过多链RNA: 1x18
2025-05-09 19:47:03,573 - data.adapters - INFO - 跳过多链RNA: 1x18
2025-05-09 19:47:03,574 - data.adapters - INFO - 跳过多链RNA: 1x18
2025-05-09 19:47:03,595 - data.adapters - INFO - 跳过多链RNA: 1zn1
2025-05-09 19:47:03,618 - data.adapters - INFO - 跳过多链RNA: 1ysh
2025-05-09 19:47:03,618 - data.adapters - INFO - 跳过多链RNA: 1ysh
2025-05-09 19:47:03,618 - data.adapters - INFO - 跳过多链RNA: 1ysh
2025-05-09 19:47:03,632 - data.adapters - INFO - 跳过多链RNA: 2adt
2025-05-09 19:47:03,632 - data.adapters - INFO - 跳过多链RNA: 1wz2
2025-05-09 19:47:03,791 - data.adapters - INFO - 跳过多链RNA: 2d19
2025-05-09 19:47:03,792 - data.adapters - INFO - 跳过多链RNA: 2d1b
2025-05-09 19:47:03,809 - data.adapters - INFO - 跳过多链RNA: 2b6g
2025-05-09 19:47:03,809 - data.adapters - INFO - 跳过多链RNA: 2ese
2025-05-09 19:47:03,809 - data.adapters - INFO - 跳过多链RNA: 2f4x
2025-05-09 19:47:03,826 - data.adapters - INFO - 跳过多链RNA: 2bq5
2025-05-09 19:47:03,827 - data.adapters - INFO - 跳过多链RNA: 2bs0
2025-05-09 19:47:03,827 - data.adapters - INFO - 跳过多链RNA: 2bq5
2025-05-09 19:47:03,827 - data.adapters - INFO - 跳过多链RNA: 2bs0
2025-05-09 19:47:03,839 - data.adapters - INFO - 跳过多链RNA: 2b2e
2025-05-09 19:47:03,839 - data.adapters - INFO - 跳过多链RNA: 2b2e
2025-05-09 19:47:03,839 - data.adapters - INFO - 跳过多链RNA: 2go5
2025-05-09 19:47:03,840 - data.adapters - INFO - 跳过多链RNA: 2go5
2025-05-09 19:47:03,896 - data.adapters - INFO - 跳过多链RNA: 2ake
2025-05-09 19:47:03,897 - data.adapters - INFO - 跳过多链RNA: 2dr2
2025-05-09 19:47:03,897 - data.adapters - INFO - 跳过多链RNA: 2agn
2025-05-09 19:47:03,897 - data.adapters - INFO - 跳过多链RNA: 2agn
2025-05-09 19:47:03,897 - data.adapters - INFO - 跳过多链RNA: 2izn
2025-05-09 19:47:03,898 - data.adapters - INFO - 跳过多链RNA: 2iz8
2025-05-09 19:47:03,898 - data.adapters - INFO - 跳过多链RNA: 2iz8
2025-05-09 19:47:03,898 - data.adapters - INFO - 跳过多链RNA: 2hgh
2025-05-09 19:47:03,915 - data.adapters - INFO - 跳过多链RNA: 2der
2025-05-09 19:47:03,915 - data.adapters - INFO - 跳过多链RNA: 2det
2025-05-09 19:47:03,953 - data.adapters - INFO - 跳过多链RNA: 1zbh
2025-05-09 19:47:03,977 - data.adapters - INFO - 跳过多链RNA: 2iy3
2025-05-09 19:47:03,977 - data.adapters - INFO - 跳过多链RNA: 2j28
2025-05-09 19:47:03,978 - data.adapters - INFO - 跳过多链RNA: 2j37
2025-05-09 19:47:03,978 - data.adapters - INFO - 跳过多链RNA: 2j28
2025-05-09 19:47:03,978 - data.adapters - INFO - 跳过多链RNA: 2noq
2025-05-09 19:47:03,978 - data.adapters - INFO - 跳过多链RNA: 2noq
2025-05-09 19:47:03,979 - data.adapters - INFO - 跳过多链RNA: 2noq
2025-05-09 19:47:03,999 - data.adapters - INFO - 跳过多链RNA: 2ihx
2025-05-09 19:47:03,999 - data.adapters - INFO - 跳过多链RNA: 2ob7
2025-05-09 19:47:04,000 - data.adapters - INFO - 跳过多链RNA: 2fy1
2025-05-09 19:47:04,011 - data.adapters - INFO - 跳过多链RNA: 2il9
2025-05-09 19:47:04,011 - data.adapters - INFO - 跳过多链RNA: 2il9
2025-05-09 19:47:04,023 - data.adapters - INFO - 跳过多链RNA: 2du5
2025-05-09 19:47:04,023 - data.adapters - INFO - 跳过多链RNA: 2du4
2025-05-09 19:47:04,024 - data.adapters - INFO - 跳过多链RNA: 2du6
2025-05-09 19:47:04,064 - data.adapters - INFO - 跳过多链RNA: 2pcw
2025-05-09 19:47:04,064 - data.adapters - INFO - 跳过多链RNA: 2nr0
2025-05-09 19:47:04,064 - data.adapters - INFO - 跳过多链RNA: 2nr0
2025-05-09 19:47:04,064 - data.adapters - INFO - 跳过多链RNA: 2nr0
2025-05-09 19:47:04,064 - data.adapters - INFO - 跳过多链RNA: 2nr0
2025-05-09 19:47:04,068 - data.adapters - INFO - 跳过多链RNA: 2izm
2025-05-09 19:47:04,076 - data.adapters - INFO - 跳过多链RNA: 2jpp
2025-05-09 19:47:04,130 - data.adapters - INFO - 跳过多链RNA: 2om3
2025-05-09 19:47:04,130 - data.adapters - INFO - 跳过多链RNA: 2pn9
2025-05-09 19:47:04,142 - data.adapters - INFO - 跳过多链RNA: 2r93
2025-05-09 19:47:04,158 - data.adapters - INFO - 跳过多链RNA: 2om7
2025-05-09 19:47:04,158 - data.adapters - INFO - 跳过多链RNA: 2om7
2025-05-09 19:47:04,158 - data.adapters - INFO - 跳过多链RNA: 2om7
2025-05-09 19:47:04,158 - data.adapters - INFO - 跳过多链RNA: 2om7
2025-05-09 19:47:04,158 - data.adapters - INFO - 跳过多链RNA: 2om7
2025-05-09 19:47:04,159 - data.adapters - INFO - 跳过多链RNA: 2om7
2025-05-09 19:47:04,159 - data.adapters - INFO - 跳过多链RNA: 2om7
2025-05-09 19:47:04,169 - data.adapters - INFO - 跳过多链RNA: 2r1g
2025-05-09 19:47:04,169 - data.adapters - INFO - 跳过多链RNA: 2r1g
2025-05-09 19:47:04,169 - data.adapters - INFO - 跳过多链RNA: 2r1g
2025-05-09 19:47:04,169 - data.adapters - INFO - 跳过多链RNA: 2r1g
2025-05-09 19:47:04,169 - data.adapters - INFO - 跳过多链RNA: 2r1g
2025-05-09 19:47:04,169 - data.adapters - INFO - 跳过多链RNA: 2r1g
2025-05-09 19:47:04,181 - data.adapters - INFO - 适配转换: 原始数据 285 项 -> 适配后 161 项
2025-05-09 19:47:04,181 - data.dataset - INFO - 适配处理成功: 161 个样本
2025-05-09 19:47:04,182 - data.dataset - INFO - 数据加载完成: 总计 161 个样本
2025-05-09 19:47:04,370 - data.dataset - INFO - 数据已缓存到: ./output\cache\processed_data.pt
2025-05-09 19:47:04,371 - data.dataset - INFO - 成功加载161个RNA样本
2025-05-09 19:47:04,371 - root - INFO - 创建数据加载器...
2025-05-09 19:47:04,371 - data.dataset - INFO - 数据集大小: 161
2025-05-09 19:47:04,371 - data.dataset - INFO - 数据集划分: 训练集=128, 验证集=16, 测试集=17
2025-05-09 19:47:04,377 - root - INFO - 创建扭转角预测模型...
2025-05-09 19:47:04,377 - models.torsion_predictor - INFO - 使用提供的RNA-FM模型
2025-05-09 19:47:04,378 - models.torsion_predictor - INFO - RNA-FM参数已冻结
2025-05-09 19:47:04,512 - root - INFO - 开始训练，共3个epoch
